# JRE version: Java(TM) SE Runtime Environment 18.9 (11.0.14+8) (build 11.0.14+8-LTS-263)
# Java VM: Java HotSpot(TM) 64-Bit Server VM 18.9 (11.0.14+8-LTS-263, mixed mode, tiered, compressed oops, g1 gc, windows-amd64)
Heap:
 garbage-first heap   total 163840K, used 50757K [0x0000000760e00000, 0x0000000800000000)
  region size 1024K, 45 young (46080K), 9 survivors (9216K)
 Metaspace       used 39523K, capacity 40600K, committed 40912K, reserved 1085440K
  class space    used 4805K, capacity 5244K, committed 5372K, reserved 1048576K
GC Heap History (10 events):
Event: 3.344 GC heap before
{Heap before GC invocations=1 (full 0):
 garbage-first heap   total 163840K, used 39100K [0x0000000760e00000, 0x0000000800000000)
  region size 1024K, 35 young (35840K), 2 survivors (2048K)
 Metaspace       used 17519K, capacity 17896K, committed 17920K, reserved 1064960K
  class space    used 1879K, capacity 2046K, committed 2048K, reserved 1048576K
}
Event: 3.377 GC heap after
{Heap after GC invocations=2 (full 0):
 garbage-first heap   total 163840K, used 8269K [0x0000000760e00000, 0x0000000800000000)
  region size 1024K, 4 young (4096K), 4 survivors (4096K)
 Metaspace       used 17519K, capacity 17896K, committed 17920K, reserved 1064960K
  class space    used 1879K, capacity 2046K, committed 2048K, reserved 1048576K
}
Event: 3.777 GC heap before
{Heap before GC invocations=2 (full 0):
 garbage-first heap   total 163840K, used 30797K [0x0000000760e00000, 0x0000000800000000)
  region size 1024K, 27 young (27648K), 4 survivors (4096K)
 Metaspace       used 20767K, capacity 21188K, committed 21248K, reserved 1069056K
  class space    used 2357K, capacity 2546K, committed 2560K, reserved 1048576K
}
Event: 3.785 GC heap after
{Heap after GC invocations=3 (full 0):
 garbage-first heap   total 163840K, used 9141K [0x0000000760e00000, 0x0000000800000000)
  region size 1024K, 3 young (3072K), 3 survivors (3072K)
 Metaspace       used 20767K, capacity 21188K, committed 21248K, reserved 1069056K
  class space    used 2357K, capacity 2546K, committed 2560K, reserved 1048576K
}
Event: 4.556 GC heap before
{Heap before GC invocations=4 (full 0):
 garbage-first heap   total 163840K, used 50101K [0x0000000760e00000, 0x0000000800000000)
  region size 1024K, 43 young (44032K), 3 survivors (3072K)
 Metaspace       used 25011K, capacity 25619K, committed 25724K, reserved 1071104K
  class space    used 2892K, capacity 3149K, committed 3196K, reserved 1048576K
}
Event: 4.564 GC heap after
{Heap after GC invocations=5 (full 0):
 garbage-first heap   total 163840K, used 10731K [0x0000000760e00000, 0x0000000800000000)
  region size 1024K, 5 young (5120K), 5 survivors (5120K)
 Metaspace       used 25011K, capacity 25619K, committed 25724K, reserved 1071104K
  class space    used 2892K, capacity 3149K, committed 3196K, reserved 1048576K
}
Event: 5.897 GC heap before
{Heap before GC invocations=5 (full 0):
 garbage-first heap   total 163840K, used 69099K [0x0000000760e00000, 0x0000000800000000)
  region size 1024K, 62 young (63488K), 5 survivors (5120K)
 Metaspace       used 30872K, capacity 31638K, committed 31868K, reserved 1077248K
  class space    used 3640K, capacity 3941K, committed 3964K, reserved 1048576K
}
Event: 5.908 GC heap after
{Heap after GC invocations=6 (full 0):
 garbage-first heap   total 163840K, used 12520K [0x0000000760e00000, 0x0000000800000000)
  region size 1024K, 6 young (6144K), 6 survivors (6144K)
 Metaspace       used 30872K, capacity 31638K, committed 31868K, reserved 1077248K
  class space    used 3640K, capacity 3941K, committed 3964K, reserved 1048576K
}
Event: 7.092 GC heap before
{Heap before GC invocations=6 (full 0):
 garbage-first heap   total 163840K, used 46312K [0x0000000760e00000, 0x0000000800000000)
  region size 1024K, 40 young (40960K), 6 survivors (6144K)
 Metaspace       used 35060K, capacity 35938K, committed 36048K, reserved 1081344K
  class space    used 4221K, capacity 4555K, committed 4604K, reserved 1048576K
}
Event: 7.106 GC heap after
{Heap after GC invocations=7 (full 0):
 garbage-first heap   total 163840K, used 14917K [0x0000000760e00000, 0x0000000800000000)
  region size 1024K, 9 young (9216K), 9 survivors (9216K)
 Metaspace       used 35060K, capacity 35938K, committed 36048K, reserved 1081344K
  class space    used 4221K, capacity 4555K, committed 4604K, reserved 1048576K
}

